unityLibrary/build/intermediates/manifest_merge_blame_file/debug/processDebugMainManifest/manifest-merger-blame-debug-report.txt
1<?xml version="1.0" encoding="utf-8"?>
2<manifest xmlns:android="http://schemas.android.com/apk/res/android"
3    package="com.unity3d.player"
4    android:versionCode="1"
5    android:versionName="0.1" >
6
7    <uses-sdk
8        android:minSdkVersion="26"
9        android:targetSdkVersion="34" />
10
11    <uses-permission android:name="android.permission.INTERNET" />
11-->src\main\AndroidManifest.xml:3:3-65
11-->src\main\AndroidManifest.xml:3:20-62
12
13    <uses-feature android:glEsVersion="0x00030000" />
13-->src\main\AndroidManifest.xml:4:3-52
13-->src\main\AndroidManifest.xml:4:17-49
14    <uses-feature
14-->src\main\AndroidManifest.xml:5:3-91
15        android:name="android.hardware.vulkan.version"
15-->src\main\AndroidManifest.xml:5:17-63
16        android:required="false" />
16-->src\main\AndroidManifest.xml:5:64-88
17    <uses-feature
17-->src\main\AndroidManifest.xml:6:3-88
18        android:name="android.hardware.touchscreen"
18-->src\main\AndroidManifest.xml:6:17-60
19        android:required="false" />
19-->src\main\AndroidManifest.xml:6:61-85
20    <uses-feature
20-->src\main\AndroidManifest.xml:7:3-99
21        android:name="android.hardware.touchscreen.multitouch"
21-->src\main\AndroidManifest.xml:7:17-71
22        android:required="false" />
22-->src\main\AndroidManifest.xml:7:72-96
23    <uses-feature
23-->src\main\AndroidManifest.xml:8:3-108
24        android:name="android.hardware.touchscreen.multitouch.distinct"
24-->src\main\AndroidManifest.xml:8:17-80
25        android:required="false" />
25-->src\main\AndroidManifest.xml:8:81-105
26
27    <application
27-->src\main\AndroidManifest.xml:9:3-24:17
28        android:debuggable="true"
29        android:extractNativeLibs="true"
29-->src\main\AndroidManifest.xml:9:16-48
30        android:testOnly="true" >
31        <meta-data
31-->src\main\AndroidManifest.xml:10:5-69
32            android:name="unity.splash-mode"
32-->src\main\AndroidManifest.xml:10:16-48
33            android:value="0" />
33-->src\main\AndroidManifest.xml:10:49-66
34        <meta-data
34-->src\main\AndroidManifest.xml:11:5-74
35            android:name="unity.splash-enable"
35-->src\main\AndroidManifest.xml:11:16-50
36            android:value="True" />
36-->src\main\AndroidManifest.xml:11:51-71
37        <meta-data
37-->src\main\AndroidManifest.xml:12:5-78
38            android:name="unity.launch-fullscreen"
38-->src\main\AndroidManifest.xml:12:16-54
39            android:value="True" />
39-->src\main\AndroidManifest.xml:12:55-75
40        <meta-data
40-->src\main\AndroidManifest.xml:13:5-84
41            android:name="unity.render-outside-safearea"
41-->src\main\AndroidManifest.xml:13:16-60
42            android:value="True" />
42-->src\main\AndroidManifest.xml:13:61-81
43        <meta-data
43-->src\main\AndroidManifest.xml:14:5-81
44            android:name="notch.config"
44-->src\main\AndroidManifest.xml:14:16-43
45            android:value="portrait|landscape" />
45-->src\main\AndroidManifest.xml:14:44-78
46        <meta-data
46-->src\main\AndroidManifest.xml:15:5-84
47            android:name="unity.auto-report-fully-drawn"
47-->src\main\AndroidManifest.xml:15:16-60
48            android:value="true" />
48-->src\main\AndroidManifest.xml:15:61-81
49
50        <activity
50-->src\main\AndroidManifest.xml:16:5-23:16
51            android:name="com.unity3d.player.UnityPlayerActivity"
51-->src\main\AndroidManifest.xml:16:15-68
52            android:configChanges="mcc|mnc|locale|touchscreen|keyboard|keyboardHidden|navigation|orientation|screenLayout|uiMode|screenSize|smallestScreenSize|fontScale|layoutDirection|density"
52-->src\main\AndroidManifest.xml:16:180-361
53            android:exported="true"
53-->src\main\AndroidManifest.xml:16:433-456
54            android:hardwareAccelerated="false"
54-->src\main\AndroidManifest.xml:16:397-432
55            android:launchMode="singleTask"
55-->src\main\AndroidManifest.xml:16:148-179
56            android:resizeableActivity="false"
56-->src\main\AndroidManifest.xml:16:362-396
57            android:screenOrientation="fullUser"
57-->src\main\AndroidManifest.xml:16:111-147
58            android:theme="@style/UnityThemeSelector" >
58-->src\main\AndroidManifest.xml:16:69-110
59            <intent-filter>
59-->src\main\AndroidManifest.xml:17:7-20:23
60                <category android:name="android.intent.category.LAUNCHER" />
60-->src\main\AndroidManifest.xml:18:9-69
60-->src\main\AndroidManifest.xml:18:19-66
61
62                <action android:name="android.intent.action.MAIN" />
62-->src\main\AndroidManifest.xml:19:9-61
62-->src\main\AndroidManifest.xml:19:17-58
63            </intent-filter>
64
65            <meta-data
65-->src\main\AndroidManifest.xml:21:7-82
66                android:name="unityplayer.UnityActivity"
66-->src\main\AndroidManifest.xml:21:18-58
67                android:value="true" />
67-->src\main\AndroidManifest.xml:21:59-79
68            <meta-data
68-->src\main\AndroidManifest.xml:22:7-70
69                android:name="notch_support"
69-->src\main\AndroidManifest.xml:22:18-46
70                android:value="true" />
70-->src\main\AndroidManifest.xml:22:47-67
71        </activity>
72    </application>
73
74</manifest>